<?xml version="1.0" encoding="UTF-8"?>
<testng-results ignored="0" total="1" passed="1" failed="0" skipped="0">
  <reporter-output>
  </reporter-output>
  <suite started-at="2024-05-05T21:51:50 EDT" name="Suite" finished-at="2024-05-05T21:51:57 EDT" duration-ms="7112">
    <groups>
    </groups>
    <test started-at="2024-05-05T21:51:50 EDT" name="Test" finished-at="2024-05-05T21:51:57 EDT" duration-ms="7112">
      <class name="ltDemo.LTExample">
        <test-method signature="loginTest()[pri:0, instance:ltDemo.LTExample@6572421]" started-at="2024-05-05T21:51:50 EDT" name="loginTest" finished-at="2024-05-05T21:51:57 EDT" duration-ms="7073" status="PASS">
          <reporter-output>
          </reporter-output>
        </test-method> <!-- loginTest -->
      </class> <!-- ltDemo.LTExample -->
    </test> <!-- Test -->
  </suite> <!-- Suite -->
</testng-results>
